Reading netlist file: "C:\Users\HP\Desktop\CPE222 Final\CPE222-Final-Project\gowin_project\tesseract\impl\gwsynthesis\tesseract.vg"
Parsing netlist file "C:\Users\HP\Desktop\CPE222 Final\CPE222-Final-Project\gowin_project\tesseract\impl\gwsynthesis\tesseract.vg" completed
Processing netlist completed
Reading constraint file: "C:\Users\HP\Desktop\CPE222 Final\CPE222-Final-Project\gowin_project\tesseract\src\tesseract.cst"
Physical Constraint parsed completed
Running placement......
[10%] Placement Phase 0 completed
[20%] Placement Phase 1 completed
[30%] Placement Phase 2 completed
WARN  (TA1132) :  'master_clk' was determined to be a clock but was not created.
WARN  (TA1132) :  'slave_clk' was determined to be a clock but was not created.
[50%] Placement Phase 3 completed
Running routing......
[60%] Routing Phase 0 completed
[70%] Routing Phase 1 completed
[80%] Routing Phase 2 completed
WARN  (PR1014) : Generic routing resource will be used to clock signal 'master_clk_d' by the specified constraint. And then it may lead to the excessive delay or skew
[90%] Routing Phase 3 completed
Running timing analysis......
[95%] Timing analysis completed
Placement and routing completed
Bitstream generation in progress......
Bitstream generation completed
Running power analysis......
[100%] Power analysis completed
Generate file "C:\Users\HP\Desktop\CPE222 Final\CPE222-Final-Project\gowin_project\tesseract\impl\pnr\tesseract.power.html" completed
Generate file "C:\Users\HP\Desktop\CPE222 Final\CPE222-Final-Project\gowin_project\tesseract\impl\pnr\tesseract.pin.html" completed
Generate file "C:\Users\HP\Desktop\CPE222 Final\CPE222-Final-Project\gowin_project\tesseract\impl\pnr\tesseract.rpt.html" completed
Generate file "C:\Users\HP\Desktop\CPE222 Final\CPE222-Final-Project\gowin_project\tesseract\impl\pnr\tesseract.rpt.txt" completed
Generate file "C:\Users\HP\Desktop\CPE222 Final\CPE222-Final-Project\gowin_project\tesseract\impl\pnr\tesseract.tr.html" completed
Sun Dec 15 14:49:00 2024

