Reading netlist file: "C:\Users\HP\Desktop\The Tesseract\Prototype1-Linear\Prototype1\impl\gwsynthesis\Prototype1.vg"
Parsing netlist file "C:\Users\HP\Desktop\The Tesseract\Prototype1-Linear\Prototype1\impl\gwsynthesis\Prototype1.vg" completed
Processing netlist completed
Reading constraint file: "C:\Users\HP\Desktop\The Tesseract\Prototype1-Linear\Prototype1\src\Prototype1.cst"
Physical Constraint parsed completed
Running placement......
[10%] Placement Phase 0 completed
[20%] Placement Phase 1 completed
[30%] Placement Phase 2 completed
WARN  (TA1132) :  'frame_clk' was determined to be a clock but was not created.
WARN  (TA1132) :  'master_clk' was determined to be a clock but was not created.
[50%] Placement Phase 3 completed
Running routing......
[60%] Routing Phase 0 completed
[70%] Routing Phase 1 completed
[80%] Routing Phase 2 completed
WARN  (PR1014) : Generic routing resource will be used to clock signal 'frame_clk_d' by the specified constraint. And then it may lead to the excessive delay or skew
WARN  (PR1014) : Generic routing resource will be used to clock signal 'master_clk_out_d' by the specified constraint. And then it may lead to the excessive delay or skew
[90%] Routing Phase 3 completed
Running timing analysis......
[95%] Timing analysis completed
Placement and routing completed
Bitstream generation in progress......
Bitstream generation completed
Running power analysis......
[100%] Power analysis completed
Generate file "C:\Users\HP\Desktop\The Tesseract\Prototype1-Linear\Prototype1\impl\pnr\Prototype1.power.html" completed
Generate file "C:\Users\HP\Desktop\The Tesseract\Prototype1-Linear\Prototype1\impl\pnr\Prototype1.pin.html" completed
Generate file "C:\Users\HP\Desktop\The Tesseract\Prototype1-Linear\Prototype1\impl\pnr\Prototype1.rpt.html" completed
Generate file "C:\Users\HP\Desktop\The Tesseract\Prototype1-Linear\Prototype1\impl\pnr\Prototype1.rpt.txt" completed
Generate file "C:\Users\HP\Desktop\The Tesseract\Prototype1-Linear\Prototype1\impl\pnr\Prototype1.tr.html" completed
Sat Nov 23 13:09:30 2024

